# JRE version: OpenJDK Runtime Environment (20.0+36) (build 20+36-2344)
# Java VM: OpenJDK 64-Bit Server VM (20+36-2344, mixed mode, sharing, tiered, compressed oops, compressed class ptrs, g1 gc, windows-amd64)
GC Precious Log:
 CardTable entry size: 512
 Card Set container configuration: InlinePtr #cards 5 size 8 Array Of Cards #cards 12 size 40 Howl #buckets 4 coarsen threshold 1843 Howl Bitmap #cards 512 size 80 coarsen threshold 460 Card regions per heap region 1 cards per card region 2048
 CPUs: 4 total, 4 available
 Memory: 8013M
 Large Page Support: Disabled
 NUMA Support: Disabled
 Compressed Oops: Enabled (32-bit)
 Heap Region Size: 1M
 Heap Min Capacity: 8M
 Heap Initial Capacity: 126M
 Heap Max Capacity: 2004M
 Pre-touch: Disabled
 Parallel Workers: 4
 Concurrent Workers: 1
 Concurrent Refinement Workers: 4
 Periodic GC: Disabled
Heap:
 garbage-first heap   total 138240K, used 117872K [0x0000000082c00000, 0x0000000100000000)
  region size 1024K, 66 young (67584K), 2 survivors (2048K)
 Metaspace       used 102592K, committed 104192K, reserved 1179648K
  class space    used 12594K, committed 13376K, reserved 1048576K
GC Heap History (20 events):
Event: 1637.853 GC heap before
{Heap before GC invocations=133 (full 10):
 garbage-first heap   total 138240K, used 121222K [0x0000000082c00000, 0x0000000100000000)
  region size 1024K, 73 young (74752K), 6 survivors (6144K)
 Metaspace       used 101054K, committed 102656K, reserved 1179648K
  class space    used 12458K, committed 13248K, reserved 1048576K
}
Event: 1637.865 GC heap after
{Heap after GC invocations=134 (full 10):
 garbage-first heap   total 138240K, used 54362K [0x0000000082c00000, 0x0000000100000000)
  region size 1024K, 8 young (8192K), 8 survivors (8192K)
 Metaspace       used 101054K, committed 102656K, reserved 1179648K
  class space    used 12458K, committed 13248K, reserved 1048576K
}
Event: 1669.953 GC heap before
{Heap before GC invocations=134 (full 10):
 garbage-first heap   total 138240K, used 118874K [0x0000000082c00000, 0x0000000100000000)
  region size 1024K, 71 young (72704K), 8 survivors (8192K)
 Metaspace       used 101058K, committed 102656K, reserved 1179648K
  class space    used 12458K, committed 13248K, reserved 1048576K
}
Event: 1669.963 GC heap after
{Heap after GC invocations=135 (full 10):
 garbage-first heap   total 138240K, used 54060K [0x0000000082c00000, 0x0000000100000000)
  region size 1024K, 3 young (3072K), 3 survivors (3072K)
 Metaspace       used 101058K, committed 102656K, reserved 1179648K
  class space    used 12458K, committed 13248K, reserved 1048576K
}
Event: 1704.776 GC heap before
{Heap before GC invocations=135 (full 10):
 garbage-first heap   total 138240K, used 122668K [0x0000000082c00000, 0x0000000100000000)
  region size 1024K, 71 young (72704K), 3 survivors (3072K)
 Metaspace       used 101079K, committed 102720K, reserved 1179648K
  class space    used 12458K, committed 13248K, reserved 1048576K
}
Event: 1704.940 GC heap after
{Heap after GC invocations=136 (full 11):
 garbage-first heap   total 138240K, used 44212K [0x0000000082c00000, 0x0000000100000000)
  region size 1024K, 0 young (0K), 0 survivors (0K)
 Metaspace       used 101076K, committed 102720K, reserved 1179648K
  class space    used 12458K, committed 13248K, reserved 1048576K
}
Event: 1708.997 GC heap before
{Heap before GC invocations=136 (full 11):
 garbage-first heap   total 138240K, used 125108K [0x0000000082c00000, 0x0000000100000000)
  region size 1024K, 80 young (81920K), 0 survivors (0K)
 Metaspace       used 101574K, committed 103104K, reserved 1179648K
  class space    used 12499K, committed 13248K, reserved 1048576K
}
Event: 1709.007 GC heap after
{Heap after GC invocations=137 (full 11):
 garbage-first heap   total 138240K, used 50151K [0x0000000082c00000, 0x0000000100000000)
  region size 1024K, 6 young (6144K), 6 survivors (6144K)
 Metaspace       used 101574K, committed 103104K, reserved 1179648K
  class space    used 12499K, committed 13248K, reserved 1048576K
}
Event: 1710.816 GC heap before
{Heap before GC invocations=138 (full 11):
 garbage-first heap   total 138240K, used 122855K [0x0000000082c00000, 0x0000000100000000)
  region size 1024K, 77 young (78848K), 6 survivors (6144K)
 Metaspace       used 101797K, committed 103360K, reserved 1179648K
  class space    used 12522K, committed 13312K, reserved 1048576K
}
Event: 1710.827 GC heap after
{Heap after GC invocations=139 (full 11):
 garbage-first heap   total 138240K, used 52559K [0x0000000082c00000, 0x0000000100000000)
  region size 1024K, 3 young (3072K), 3 survivors (3072K)
 Metaspace       used 101797K, committed 103360K, reserved 1179648K
  class space    used 12522K, committed 13312K, reserved 1048576K
}
Event: 1745.736 GC heap before
{Heap before GC invocations=139 (full 11):
 garbage-first heap   total 138240K, used 125263K [0x0000000082c00000, 0x0000000100000000)
  region size 1024K, 74 young (75776K), 3 survivors (3072K)
 Metaspace       used 101799K, committed 103360K, reserved 1179648K
  class space    used 12522K, committed 13312K, reserved 1048576K
}
Event: 1745.743 GC heap after
{Heap after GC invocations=140 (full 11):
 garbage-first heap   total 138240K, used 53402K [0x0000000082c00000, 0x0000000100000000)
  region size 1024K, 4 young (4096K), 4 survivors (4096K)
 Metaspace       used 101799K, committed 103360K, reserved 1179648K
  class space    used 12522K, committed 13312K, reserved 1048576K
}
Event: 1776.234 GC heap before
{Heap before GC invocations=140 (full 11):
 garbage-first heap   total 138240K, used 124058K [0x0000000082c00000, 0x0000000100000000)
  region size 1024K, 73 young (74752K), 4 survivors (4096K)
 Metaspace       used 101905K, committed 103488K, reserved 1179648K
  class space    used 12529K, committed 13312K, reserved 1048576K
}
Event: 1776.240 GC heap after
{Heap after GC invocations=141 (full 11):
 garbage-first heap   total 138240K, used 54758K [0x0000000082c00000, 0x0000000100000000)
  region size 1024K, 5 young (5120K), 5 survivors (5120K)
 Metaspace       used 101905K, committed 103488K, reserved 1179648K
  class space    used 12529K, committed 13312K, reserved 1048576K
}
Event: 1783.217 GC heap before
{Heap before GC invocations=142 (full 11):
 garbage-first heap   total 138240K, used 71142K [0x0000000082c00000, 0x0000000100000000)
  region size 1024K, 22 young (22528K), 5 survivors (5120K)
 Metaspace       used 101910K, committed 103552K, reserved 1179648K
  class space    used 12529K, committed 13312K, reserved 1048576K
}
Event: 1783.386 GC heap after
{Heap after GC invocations=143 (full 12):
 garbage-first heap   total 138240K, used 47682K [0x0000000082c00000, 0x0000000100000000)
  region size 1024K, 0 young (0K), 0 survivors (0K)
 Metaspace       used 101910K, committed 103552K, reserved 1179648K
  class space    used 12529K, committed 13312K, reserved 1048576K
}
Event: 1787.418 GC heap before
{Heap before GC invocations=143 (full 12):
 garbage-first heap   total 138240K, used 125506K [0x0000000082c00000, 0x0000000100000000)
  region size 1024K, 77 young (78848K), 0 survivors (0K)
 Metaspace       used 102388K, committed 104000K, reserved 1179648K
  class space    used 12569K, committed 13376K, reserved 1048576K
}
Event: 1787.430 GC heap after
{Heap after GC invocations=144 (full 12):
 garbage-first heap   total 138240K, used 53826K [0x0000000082c00000, 0x0000000100000000)
  region size 1024K, 6 young (6144K), 6 survivors (6144K)
 Metaspace       used 102388K, committed 104000K, reserved 1179648K
  class space    used 12569K, committed 13376K, reserved 1048576K
}
Event: 1808.337 GC heap before
{Heap before GC invocations=145 (full 12):
 garbage-first heap   total 138240K, used 121410K [0x0000000082c00000, 0x0000000100000000)
  region size 1024K, 73 young (74752K), 6 survivors (6144K)
 Metaspace       used 102510K, committed 104128K, reserved 1179648K
  class space    used 12580K, committed 13376K, reserved 1048576K
}
Event: 1808.345 GC heap after
{Heap after GC invocations=146 (full 12):
 garbage-first heap   total 138240K, used 53360K [0x0000000082c00000, 0x0000000100000000)
  region size 1024K, 2 young (2048K), 2 survivors (2048K)
 Metaspace       used 102510K, committed 104128K, reserved 1179648K
  class space    used 12580K, committed 13376K, reserved 1048576K
}

